This is pdfTeX, Version 3.14159265-2.6-1.40.20 (TeX Live 2019/W32TeX) (preloaded format=pdflatex 2020.2.10)  28 FEB 2020 01:35
entering extended mode
 restricted \write18 enabled.
 %&-line parsing enabled.
**main.tex
(./main.tex
LaTeX2e <2018-12-01>
(c:/texlive/2019/texmf-dist/tex/latex/base/report.cls
Document Class: report 2018/09/03 v1.4i Standard LaTeX document class
(c:/texlive/2019/texmf-dist/tex/latex/base/size12.clo
File: size12.clo 2018/09/03 v1.4i Standard LaTeX file (size option)
)
\c@part=\count80
\c@chapter=\count81
\c@section=\count82
\c@subsection=\count83
\c@subsubsection=\count84
\c@paragraph=\count85
\c@subparagraph=\count86
\c@figure=\count87
\c@table=\count88
\abovecaptionskip=\skip41
\belowcaptionskip=\skip42
\bibindent=\dimen102
)
(c:/texlive/2019/texmf-dist/tex/generic/babel/babel.sty
Package: babel 2019/04/03 3.29 The Babel package

(c:/texlive/2019/texmf-dist/tex/generic/babel/switch.def
File: switch.def 2019/04/03 3.29 Babel switching mechanism
) (./magyar.ldf
Language: magyar 2015/11/24 v1.5c Magyar support from the babel v3.7 system

(c:/texlive/2019/texmf-dist/tex/generic/babel/babel.def
File: babel.def 2019/04/03 3.29 Babel common definitions
\babel@savecnt=\count89
\U@D=\dimen103

(c:/texlive/2019/texmf-dist/tex/generic/babel/txtbabel.def)
\bbl@dirlevel=\count90
)
\c@enumv=\count91
Package babel Info: Making ; an active character on input line 2707.
Package babel Info: Making ! an active character on input line 2709.
Package babel Info: Making ? an active character on input line 2715.
Package babel Info: Making : an active character on input line 2717.
Package babel Info: Making ` an active character on input line 2735.
\c@footnote@add=\count92
\c@footnote@ch=\count93
))
(c:/texlive/2019/texmf-dist/tex/latex/base/t1enc.sty
Package: t1enc 1994/06/01 Standard LaTeX package
)
(c:/texlive/2019/texmf-dist/tex/latex/base/inputenc.sty
Package: inputenc 2018/08/11 v1.3c Input encoding file
\inpenc@prehook=\toks14
\inpenc@posthook=\toks15

(c:/texlive/2019/texmf-dist/tex/latex/base/latin2.def
File: latin2.def 2018/08/11 v1.3c Input encoding file
))
(c:/texlive/2019/texmf-dist/tex/latex/psnfss/times.sty
Package: times 2005/04/12 PSNFSS-v9.2a (SPQR) 
)
(c:/texlive/2019/texmf-dist/tex/latex/amsmath/amsmath.sty
Package: amsmath 2018/12/01 v2.17b AMS math features
\@mathmargin=\skip43

For additional information on amsmath, use the `?' option.
(c:/texlive/2019/texmf-dist/tex/latex/amsmath/amstext.sty
Package: amstext 2000/06/29 v2.01 AMS text

(c:/texlive/2019/texmf-dist/tex/latex/amsmath/amsgen.sty
File: amsgen.sty 1999/11/30 v2.0 generic functions
\@emptytoks=\toks16
\ex@=\dimen104
))
(c:/texlive/2019/texmf-dist/tex/latex/amsmath/amsbsy.sty
Package: amsbsy 1999/11/29 v1.2d Bold Symbols
\pmbraise@=\dimen105
)
(c:/texlive/2019/texmf-dist/tex/latex/amsmath/amsopn.sty
Package: amsopn 2016/03/08 v2.02 operator names
)
\inf@bad=\count94
LaTeX Info: Redefining \frac on input line 223.
\uproot@=\count95
\leftroot@=\count96
LaTeX Info: Redefining \overline on input line 385.
\classnum@=\count97
\DOTSCASE@=\count98
LaTeX Info: Redefining \ldots on input line 482.
LaTeX Info: Redefining \dots on input line 485.
LaTeX Info: Redefining \cdots on input line 606.
\Mathstrutbox@=\box27
\strutbox@=\box28
\big@size=\dimen106
LaTeX Font Info:    Redeclaring font encoding OML on input line 729.
LaTeX Font Info:    Redeclaring font encoding OMS on input line 730.
\macc@depth=\count99
\c@MaxMatrixCols=\count100
\dotsspace@=\muskip10
\c@parentequation=\count101
\dspbrk@lvl=\count102
\tag@help=\toks17
\row@=\count103
\column@=\count104
\maxfields@=\count105
\andhelp@=\toks18
\eqnshift@=\dimen107
\alignsep@=\dimen108
\tagshift@=\dimen109
\tagwidth@=\dimen110
\totwidth@=\dimen111
\lineht@=\dimen112
\@envbody=\toks19
\multlinegap=\skip44
\multlinetaggap=\skip45
\mathdisplay@stack=\toks20
LaTeX Info: Redefining \[ on input line 2844.
LaTeX Info: Redefining \] on input line 2845.
)
(c:/texlive/2019/texmf-dist/tex/latex/amsfonts/amssymb.sty
Package: amssymb 2013/01/14 v3.01 AMS font symbols

(c:/texlive/2019/texmf-dist/tex/latex/amsfonts/amsfonts.sty
Package: amsfonts 2013/01/14 v3.01 Basic AMSFonts support
\symAMSa=\mathgroup4
\symAMSb=\mathgroup5
LaTeX Font Info:    Overwriting math alphabet `\mathfrak' in version `bold'
(Font)                  U/euf/m/n --> U/euf/b/n on input line 106.
))
(c:/texlive/2019/texmf-dist/tex/latex/amscls/amsthm.sty
Package: amsthm 2017/10/31 v2.20.4
\thm@style=\toks21
\thm@bodyfont=\toks22
\thm@headfont=\toks23
\thm@notefont=\toks24
\thm@headpunct=\toks25
\thm@preskip=\skip46
\thm@postskip=\skip47
\thm@headsep=\skip48
\dth@everypar=\toks26
)
(c:/texlive/2019/texmf-dist/tex/latex/fancyhdr/fancyhdr.sty
Package: fancyhdr 2019/01/31 v3.10 Extensive control of page headers and footer
s
\f@nch@headwidth=\skip49
\f@nch@O@elh=\skip50
\f@nch@O@erh=\skip51
\f@nch@O@olh=\skip52
\f@nch@O@orh=\skip53
\f@nch@O@elf=\skip54
\f@nch@O@erf=\skip55
\f@nch@O@olf=\skip56
\f@nch@O@orf=\skip57
)
(c:/texlive/2019/texmf-dist/tex/latex/graphics/graphicx.sty
Package: graphicx 2017/06/01 v1.1a Enhanced LaTeX Graphics (DPC,SPQR)

(c:/texlive/2019/texmf-dist/tex/latex/graphics/keyval.sty
Package: keyval 2014/10/28 v1.15 key=value parser (DPC)
\KV@toks@=\toks27
)
(c:/texlive/2019/texmf-dist/tex/latex/graphics/graphics.sty
Package: graphics 2017/06/25 v1.2c Standard LaTeX Graphics (DPC,SPQR)

(c:/texlive/2019/texmf-dist/tex/latex/graphics/trig.sty
Package: trig 2016/01/03 v1.10 sin cos tan (DPC)
)
(c:/texlive/2019/texmf-dist/tex/latex/graphics-cfg/graphics.cfg
File: graphics.cfg 2016/06/04 v1.11 sample graphics configuration
)
Package graphics Info: Driver file: pdftex.def on input line 99.

(c:/texlive/2019/texmf-dist/tex/latex/graphics-def/pdftex.def
File: pdftex.def 2018/01/08 v1.0l Graphics/color driver for pdftex
))
\Gin@req@height=\dimen113
\Gin@req@width=\dimen114
)
(c:/texlive/2019/texmf-dist/tex/latex/psfrag/psfrag.sty
Package: psfrag 1998/04/11 v3.04 PSfrag (MCG)
\pfg@pcount=\count106
\pfg@scount=\count107
\pfg@temp=\write3
)
(c:/texlive/2019/texmf-dist/tex/latex/graphics/color.sty
Package: color 2016/07/10 v1.1e Standard LaTeX Color (DPC)

(c:/texlive/2019/texmf-dist/tex/latex/graphics-cfg/color.cfg
File: color.cfg 2016/01/02 v1.6 sample color configuration
)
Package color Info: Driver file: pdftex.def on input line 147.
)
(c:/texlive/2019/texmf-dist/tex/latex/hyperref/hyperref.sty
Package: hyperref 2018/11/30 v6.88e Hypertext links for LaTeX

(c:/texlive/2019/texmf-dist/tex/generic/oberdiek/hobsub-hyperref.sty
Package: hobsub-hyperref 2016/05/16 v1.14 Bundle oberdiek, subset hyperref (HO)


(c:/texlive/2019/texmf-dist/tex/generic/oberdiek/hobsub-generic.sty
Package: hobsub-generic 2016/05/16 v1.14 Bundle oberdiek, subset generic (HO)
Package: hobsub 2016/05/16 v1.14 Construct package bundles (HO)
Package: infwarerr 2016/05/16 v1.4 Providing info/warning/error messages (HO)
Package: ltxcmds 2016/05/16 v1.23 LaTeX kernel commands for general use (HO)
Package: ifluatex 2016/05/16 v1.4 Provides the ifluatex switch (HO)
Package ifluatex Info: LuaTeX not detected.
Package: ifvtex 2016/05/16 v1.6 Detect VTeX and its facilities (HO)
Package ifvtex Info: VTeX not detected.
Package: intcalc 2016/05/16 v1.2 Expandable calculations with integers (HO)
Package: ifpdf 2018/09/07 v3.3 Provides the ifpdf switch
Package: etexcmds 2016/05/16 v1.6 Avoid name clashes with e-TeX commands (HO)
Package: kvsetkeys 2016/05/16 v1.17 Key value parser (HO)
Package: kvdefinekeys 2016/05/16 v1.4 Define keys (HO)
Package: pdftexcmds 2018/09/10 v0.29 Utility functions of pdfTeX for LuaTeX (HO
)
Package pdftexcmds Info: LuaTeX not detected.
Package pdftexcmds Info: \pdf@primitive is available.
Package pdftexcmds Info: \pdf@ifprimitive is available.
Package pdftexcmds Info: \pdfdraftmode found.
Package: pdfescape 2016/05/16 v1.14 Implements pdfTeX's escape features (HO)
Package: bigintcalc 2016/05/16 v1.4 Expandable calculations on big integers (HO
)
Package: bitset 2016/05/16 v1.2 Handle bit-vector datatype (HO)
Package: uniquecounter 2016/05/16 v1.3 Provide unlimited unique counter (HO)
)
Package hobsub Info: Skipping package `hobsub' (already loaded).
Package: letltxmacro 2016/05/16 v1.5 Let assignment for LaTeX macros (HO)
Package: hopatch 2016/05/16 v1.3 Wrapper for package hooks (HO)
Package: xcolor-patch 2016/05/16 xcolor patch
Package: atveryend 2016/05/16 v1.9 Hooks at the very end of document (HO)
Package atveryend Info: \enddocument detected (standard20110627).
Package: atbegshi 2016/06/09 v1.18 At begin shipout hook (HO)
Package: refcount 2016/05/16 v3.5 Data extraction from label references (HO)
Package: hycolor 2016/05/16 v1.8 Color options for hyperref/bookmark (HO)
)
(c:/texlive/2019/texmf-dist/tex/generic/ifxetex/ifxetex.sty
Package: ifxetex 2010/09/12 v0.6 Provides ifxetex conditional
)
(c:/texlive/2019/texmf-dist/tex/latex/oberdiek/auxhook.sty
Package: auxhook 2016/05/16 v1.4 Hooks for auxiliary files (HO)
)
(c:/texlive/2019/texmf-dist/tex/latex/oberdiek/kvoptions.sty
Package: kvoptions 2016/05/16 v3.12 Key value format for package options (HO)
)
\@linkdim=\dimen115
\Hy@linkcounter=\count108
\Hy@pagecounter=\count109

(c:/texlive/2019/texmf-dist/tex/latex/hyperref/pd1enc.def
File: pd1enc.def 2018/11/30 v6.88e Hyperref: PDFDocEncoding definition (HO)
Now handling font encoding PD1 ...
... no UTF-8 mapping file for font encoding PD1
)
\Hy@SavedSpaceFactor=\count110

(c:/texlive/2019/texmf-dist/tex/latex/latexconfig/hyperref.cfg
File: hyperref.cfg 2002/06/06 v1.2 hyperref configuration of TeXLive
)
Package hyperref Info: Hyper figures OFF on input line 4519.
Package hyperref Info: Link nesting OFF on input line 4524.
Package hyperref Info: Hyper index ON on input line 4527.
Package hyperref Info: Plain pages OFF on input line 4534.
Package hyperref Info: Backreferencing OFF on input line 4539.
Package hyperref Info: Implicit mode ON; LaTeX internals redefined.
Package hyperref Info: Bookmarks ON on input line 4772.
\c@Hy@tempcnt=\count111

(c:/texlive/2019/texmf-dist/tex/latex/url/url.sty
\Urlmuskip=\muskip11
Package: url 2013/09/16  ver 3.4  Verb mode for urls, etc.
)
LaTeX Info: Redefining \url on input line 5125.
\XeTeXLinkMargin=\dimen116
\Fld@menulength=\count112
\Field@Width=\dimen117
\Fld@charsize=\dimen118
Package hyperref Info: Hyper figures OFF on input line 6380.
Package hyperref Info: Link nesting OFF on input line 6385.
Package hyperref Info: Hyper index ON on input line 6388.
Package hyperref Info: backreferencing OFF on input line 6395.
Package hyperref Info: Link coloring OFF on input line 6400.
Package hyperref Info: Link coloring with OCG OFF on input line 6405.
Package hyperref Info: PDF/A mode OFF on input line 6410.
LaTeX Info: Redefining \ref on input line 6450.
LaTeX Info: Redefining \pageref on input line 6454.
\Hy@abspage=\count113
\c@Item=\count114
\c@Hfootnote=\count115
)
Package hyperref Info: Driver (autodetected): hpdftex.

(c:/texlive/2019/texmf-dist/tex/latex/hyperref/hpdftex.def
File: hpdftex.def 2018/11/30 v6.88e Hyperref driver for pdfTeX
\Fld@listcount=\count116
\c@bookmark@seq@number=\count117

(c:/texlive/2019/texmf-dist/tex/latex/oberdiek/rerunfilecheck.sty
Package: rerunfilecheck 2016/05/16 v1.8 Rerun checks for auxiliary files (HO)
Package uniquecounter Info: New unique counter `rerunfilecheck' on input line 2
82.
)
\Hy@SectionHShift=\skip58
)
(c:/texlive/2019/texmf-dist/tex/latex/todonotes/todonotes.sty
Package: todonotes 2019/01/24 v1.1.2 Todonotes source and documentation.
Package: todonotes 2018/11/22

(c:/texlive/2019/texmf-dist/tex/latex/base/ifthen.sty
Package: ifthen 2014/09/29 v1.1c Standard LaTeX ifthen package (DPC)
)
(c:/texlive/2019/texmf-dist/tex/latex/xkeyval/xkeyval.sty
Package: xkeyval 2014/12/03 v2.7a package option processing (HA)

(c:/texlive/2019/texmf-dist/tex/generic/xkeyval/xkeyval.tex
(c:/texlive/2019/texmf-dist/tex/generic/xkeyval/xkvutils.tex
\XKV@toks=\toks28
\XKV@tempa@toks=\toks29
)
\XKV@depth=\count118
File: xkeyval.tex 2014/12/03 v2.7a key=value parser (HA)
))
(c:/texlive/2019/texmf-dist/tex/latex/xcolor/xcolor.sty
Package: xcolor 2016/05/11 v2.12 LaTeX color extensions (UK)

(c:/texlive/2019/texmf-dist/tex/latex/graphics-cfg/color.cfg
File: color.cfg 2016/01/02 v1.6 sample color configuration
)
Package xcolor Info: Driver file: pdftex.def on input line 225.
LaTeX Info: Redefining \color on input line 709.
Package xcolor Info: Model `cmy' substituted by `cmy0' on input line 1348.
Package xcolor Info: Model `hsb' substituted by `rgb' on input line 1352.
Package xcolor Info: Model `RGB' extended on input line 1364.
Package xcolor Info: Model `HTML' substituted by `rgb' on input line 1366.
Package xcolor Info: Model `Hsb' substituted by `hsb' on input line 1367.
Package xcolor Info: Model `tHsb' substituted by `hsb' on input line 1368.
Package xcolor Info: Model `HSB' substituted by `hsb' on input line 1369.
Package xcolor Info: Model `Gray' substituted by `gray' on input line 1370.
Package xcolor Info: Model `wave' substituted by `hsb' on input line 1371.
)
(c:/texlive/2019/texmf-dist/tex/latex/pgf/frontendlayer/tikz.sty
(c:/texlive/2019/texmf-dist/tex/latex/pgf/basiclayer/pgf.sty
(c:/texlive/2019/texmf-dist/tex/latex/pgf/utilities/pgfrcs.sty
(c:/texlive/2019/texmf-dist/tex/generic/pgf/utilities/pgfutil-common.tex
\pgfutil@everybye=\toks30
\pgfutil@tempdima=\dimen119
\pgfutil@tempdimb=\dimen120

(c:/texlive/2019/texmf-dist/tex/generic/pgf/utilities/pgfutil-common-lists.tex)
) (c:/texlive/2019/texmf-dist/tex/generic/pgf/utilities/pgfutil-latex.def
\pgfutil@abb=\box29

(c:/texlive/2019/texmf-dist/tex/latex/ms/everyshi.sty
Package: everyshi 2001/05/15 v3.00 EveryShipout Package (MS)
))
(c:/texlive/2019/texmf-dist/tex/generic/pgf/utilities/pgfrcs.code.tex
(c:/texlive/2019/texmf-dist/tex/generic/pgf/pgf.revision.tex)
Package: pgfrcs 2019/02/02 v3.1.1 (3.1.1)
))
Package: pgf 2019/02/02 v3.1.1 (3.1.1)

(c:/texlive/2019/texmf-dist/tex/latex/pgf/basiclayer/pgfcore.sty
(c:/texlive/2019/texmf-dist/tex/latex/pgf/systemlayer/pgfsys.sty
(c:/texlive/2019/texmf-dist/tex/generic/pgf/systemlayer/pgfsys.code.tex
Package: pgfsys 2019/02/02 v3.1.1 (3.1.1)

(c:/texlive/2019/texmf-dist/tex/generic/pgf/utilities/pgfkeys.code.tex
\pgfkeys@pathtoks=\toks31
\pgfkeys@temptoks=\toks32

(c:/texlive/2019/texmf-dist/tex/generic/pgf/utilities/pgfkeysfiltered.code.tex
\pgfkeys@tmptoks=\toks33
))
\pgf@x=\dimen121
\pgf@y=\dimen122
\pgf@xa=\dimen123
\pgf@ya=\dimen124
\pgf@xb=\dimen125
\pgf@yb=\dimen126
\pgf@xc=\dimen127
\pgf@yc=\dimen128
\w@pgf@writea=\write4
\r@pgf@reada=\read1
\c@pgf@counta=\count119
\c@pgf@countb=\count120
\c@pgf@countc=\count121
\c@pgf@countd=\count122
\t@pgf@toka=\toks34
\t@pgf@tokb=\toks35
\t@pgf@tokc=\toks36
\pgf@sys@id@count=\count123
 (c:/texlive/2019/texmf-dist/tex/generic/pgf/systemlayer/pgf.cfg
File: pgf.cfg 2019/02/02 v3.1.1 (3.1.1)
)
Driver file for pgf: pgfsys-pdftex.def

(c:/texlive/2019/texmf-dist/tex/generic/pgf/systemlayer/pgfsys-pdftex.def
File: pgfsys-pdftex.def 2019/02/02 v3.1.1 (3.1.1)

(c:/texlive/2019/texmf-dist/tex/generic/pgf/systemlayer/pgfsys-common-pdf.def
File: pgfsys-common-pdf.def 2019/02/02 v3.1.1 (3.1.1)
)))
(c:/texlive/2019/texmf-dist/tex/generic/pgf/systemlayer/pgfsyssoftpath.code.tex
File: pgfsyssoftpath.code.tex 2019/02/02 v3.1.1 (3.1.1)
\pgfsyssoftpath@smallbuffer@items=\count124
\pgfsyssoftpath@bigbuffer@items=\count125
)
(c:/texlive/2019/texmf-dist/tex/generic/pgf/systemlayer/pgfsysprotocol.code.tex
File: pgfsysprotocol.code.tex 2019/02/02 v3.1.1 (3.1.1)
)) (c:/texlive/2019/texmf-dist/tex/generic/pgf/basiclayer/pgfcore.code.tex
Package: pgfcore 2019/02/02 v3.1.1 (3.1.1)

(c:/texlive/2019/texmf-dist/tex/generic/pgf/math/pgfmath.code.tex
(c:/texlive/2019/texmf-dist/tex/generic/pgf/math/pgfmathcalc.code.tex
(c:/texlive/2019/texmf-dist/tex/generic/pgf/math/pgfmathutil.code.tex)
(c:/texlive/2019/texmf-dist/tex/generic/pgf/math/pgfmathparser.code.tex
\pgfmath@dimen=\dimen129
\pgfmath@count=\count126
\pgfmath@box=\box30
\pgfmath@toks=\toks37
\pgfmath@stack@operand=\toks38
\pgfmath@stack@operation=\toks39
)
(c:/texlive/2019/texmf-dist/tex/generic/pgf/math/pgfmathfunctions.code.tex
(c:/texlive/2019/texmf-dist/tex/generic/pgf/math/pgfmathfunctions.basic.code.te
x)
(c:/texlive/2019/texmf-dist/tex/generic/pgf/math/pgfmathfunctions.trigonometric
.code.tex)
(c:/texlive/2019/texmf-dist/tex/generic/pgf/math/pgfmathfunctions.random.code.t
ex)
(c:/texlive/2019/texmf-dist/tex/generic/pgf/math/pgfmathfunctions.comparison.co
de.tex)
(c:/texlive/2019/texmf-dist/tex/generic/pgf/math/pgfmathfunctions.base.code.tex
)
(c:/texlive/2019/texmf-dist/tex/generic/pgf/math/pgfmathfunctions.round.code.te
x)
(c:/texlive/2019/texmf-dist/tex/generic/pgf/math/pgfmathfunctions.misc.code.tex
)
(c:/texlive/2019/texmf-dist/tex/generic/pgf/math/pgfmathfunctions.integerarithm
etics.code.tex)))
(c:/texlive/2019/texmf-dist/tex/generic/pgf/math/pgfmathfloat.code.tex
\c@pgfmathroundto@lastzeros=\count127
))
(c:/texlive/2019/texmf-dist/tex/generic/pgf/basiclayer/pgfcorepoints.code.tex
File: pgfcorepoints.code.tex 2019/02/02 v3.1.1 (3.1.1)
\pgf@picminx=\dimen130
\pgf@picmaxx=\dimen131
\pgf@picminy=\dimen132
\pgf@picmaxy=\dimen133
\pgf@pathminx=\dimen134
\pgf@pathmaxx=\dimen135
\pgf@pathminy=\dimen136
\pgf@pathmaxy=\dimen137
\pgf@xx=\dimen138
\pgf@xy=\dimen139
\pgf@yx=\dimen140
\pgf@yy=\dimen141
\pgf@zx=\dimen142
\pgf@zy=\dimen143
)
(c:/texlive/2019/texmf-dist/tex/generic/pgf/basiclayer/pgfcorepathconstruct.cod
e.tex
File: pgfcorepathconstruct.code.tex 2019/02/02 v3.1.1 (3.1.1)
\pgf@path@lastx=\dimen144
\pgf@path@lasty=\dimen145
)
(c:/texlive/2019/texmf-dist/tex/generic/pgf/basiclayer/pgfcorepathusage.code.te
x
File: pgfcorepathusage.code.tex 2019/02/02 v3.1.1 (3.1.1)
\pgf@shorten@end@additional=\dimen146
\pgf@shorten@start@additional=\dimen147
)
(c:/texlive/2019/texmf-dist/tex/generic/pgf/basiclayer/pgfcorescopes.code.tex
File: pgfcorescopes.code.tex 2019/02/02 v3.1.1 (3.1.1)
\pgfpic=\box31
\pgf@hbox=\box32
\pgf@layerbox@main=\box33
\pgf@picture@serial@count=\count128
)
(c:/texlive/2019/texmf-dist/tex/generic/pgf/basiclayer/pgfcoregraphicstate.code
.tex
File: pgfcoregraphicstate.code.tex 2019/02/02 v3.1.1 (3.1.1)
\pgflinewidth=\dimen148
)
(c:/texlive/2019/texmf-dist/tex/generic/pgf/basiclayer/pgfcoretransformations.c
ode.tex
File: pgfcoretransformations.code.tex 2019/02/02 v3.1.1 (3.1.1)
\pgf@pt@x=\dimen149
\pgf@pt@y=\dimen150
\pgf@pt@temp=\dimen151
)
(c:/texlive/2019/texmf-dist/tex/generic/pgf/basiclayer/pgfcorequick.code.tex
File: pgfcorequick.code.tex 2019/02/02 v3.1.1 (3.1.1)
)
(c:/texlive/2019/texmf-dist/tex/generic/pgf/basiclayer/pgfcoreobjects.code.tex
File: pgfcoreobjects.code.tex 2019/02/02 v3.1.1 (3.1.1)
)
(c:/texlive/2019/texmf-dist/tex/generic/pgf/basiclayer/pgfcorepathprocessing.co
de.tex
File: pgfcorepathprocessing.code.tex 2019/02/02 v3.1.1 (3.1.1)
)
(c:/texlive/2019/texmf-dist/tex/generic/pgf/basiclayer/pgfcorearrows.code.tex
File: pgfcorearrows.code.tex 2019/02/02 v3.1.1 (3.1.1)
\pgfarrowsep=\dimen152
)
(c:/texlive/2019/texmf-dist/tex/generic/pgf/basiclayer/pgfcoreshade.code.tex
File: pgfcoreshade.code.tex 2019/02/02 v3.1.1 (3.1.1)
\pgf@max=\dimen153
\pgf@sys@shading@range@num=\count129
)
(c:/texlive/2019/texmf-dist/tex/generic/pgf/basiclayer/pgfcoreimage.code.tex
File: pgfcoreimage.code.tex 2019/02/02 v3.1.1 (3.1.1)

(c:/texlive/2019/texmf-dist/tex/generic/pgf/basiclayer/pgfcoreexternal.code.tex
File: pgfcoreexternal.code.tex 2019/02/02 v3.1.1 (3.1.1)
\pgfexternal@startupbox=\box34
))
(c:/texlive/2019/texmf-dist/tex/generic/pgf/basiclayer/pgfcorelayers.code.tex
File: pgfcorelayers.code.tex 2019/02/02 v3.1.1 (3.1.1)
)
(c:/texlive/2019/texmf-dist/tex/generic/pgf/basiclayer/pgfcoretransparency.code
.tex
File: pgfcoretransparency.code.tex 2019/02/02 v3.1.1 (3.1.1)
)
(c:/texlive/2019/texmf-dist/tex/generic/pgf/basiclayer/pgfcorepatterns.code.tex
File: pgfcorepatterns.code.tex 2019/02/02 v3.1.1 (3.1.1)
) (c:/texlive/2019/texmf-dist/tex/generic/pgf/basiclayer/pgfcorerdf.code.tex
File: pgfcorerdf.code.tex 2019/02/02 v3.1.1 (3.1.1)
))) (c:/texlive/2019/texmf-dist/tex/generic/pgf/modules/pgfmoduleshapes.code.te
x
File: pgfmoduleshapes.code.tex 2019/02/02 v3.1.1 (3.1.1)
\pgfnodeparttextbox=\box35
)
(c:/texlive/2019/texmf-dist/tex/generic/pgf/modules/pgfmoduleplot.code.tex
File: pgfmoduleplot.code.tex 2019/02/02 v3.1.1 (3.1.1)
)
(c:/texlive/2019/texmf-dist/tex/latex/pgf/compatibility/pgfcomp-version-0-65.st
y
Package: pgfcomp-version-0-65 2019/02/02 v3.1.1 (3.1.1)
\pgf@nodesepstart=\dimen154
\pgf@nodesepend=\dimen155
)
(c:/texlive/2019/texmf-dist/tex/latex/pgf/compatibility/pgfcomp-version-1-18.st
y
Package: pgfcomp-version-1-18 2019/02/02 v3.1.1 (3.1.1)
)) (c:/texlive/2019/texmf-dist/tex/latex/pgf/utilities/pgffor.sty
(c:/texlive/2019/texmf-dist/tex/latex/pgf/utilities/pgfkeys.sty
(c:/texlive/2019/texmf-dist/tex/generic/pgf/utilities/pgfkeys.code.tex))
(c:/texlive/2019/texmf-dist/tex/latex/pgf/math/pgfmath.sty
(c:/texlive/2019/texmf-dist/tex/generic/pgf/math/pgfmath.code.tex))
(c:/texlive/2019/texmf-dist/tex/generic/pgf/utilities/pgffor.code.tex
Package: pgffor 2019/02/02 v3.1.1 (3.1.1)

(c:/texlive/2019/texmf-dist/tex/generic/pgf/math/pgfmath.code.tex)
\pgffor@iter=\dimen156
\pgffor@skip=\dimen157
\pgffor@stack=\toks40
\pgffor@toks=\toks41
))
(c:/texlive/2019/texmf-dist/tex/generic/pgf/frontendlayer/tikz/tikz.code.tex
Package: tikz 2019/02/02 v3.1.1 (3.1.1)

(c:/texlive/2019/texmf-dist/tex/generic/pgf/libraries/pgflibraryplothandlers.co
de.tex
File: pgflibraryplothandlers.code.tex 2019/02/02 v3.1.1 (3.1.1)
\pgf@plot@mark@count=\count130
\pgfplotmarksize=\dimen158
)
\tikz@lastx=\dimen159
\tikz@lasty=\dimen160
\tikz@lastxsaved=\dimen161
\tikz@lastysaved=\dimen162
\tikzleveldistance=\dimen163
\tikzsiblingdistance=\dimen164
\tikz@figbox=\box36
\tikz@figbox@bg=\box37
\tikz@tempbox=\box38
\tikz@tempbox@bg=\box39
\tikztreelevel=\count131
\tikznumberofchildren=\count132
\tikznumberofcurrentchild=\count133
\tikz@fig@count=\count134

(c:/texlive/2019/texmf-dist/tex/generic/pgf/modules/pgfmodulematrix.code.tex
File: pgfmodulematrix.code.tex 2019/02/02 v3.1.1 (3.1.1)
\pgfmatrixcurrentrow=\count135
\pgfmatrixcurrentcolumn=\count136
\pgf@matrix@numberofcolumns=\count137
)
\tikz@expandcount=\count138

(c:/texlive/2019/texmf-dist/tex/generic/pgf/frontendlayer/tikz/libraries/tikzli
brarytopaths.code.tex
File: tikzlibrarytopaths.code.tex 2019/02/02 v3.1.1 (3.1.1)
)))
(c:/texlive/2019/texmf-dist/tex/generic/pgf/frontendlayer/tikz/libraries/tikzli
brarypositioning.code.tex
File: tikzlibrarypositioning.code.tex 2019/02/02 v3.1.1 (3.1.1)
)
(c:/texlive/2019/texmf-dist/tex/generic/pgf/frontendlayer/tikz/libraries/tikzli
braryshadows.code.tex
File: tikzlibraryshadows.code.tex 2019/02/02 v3.1.1 (3.1.1)

(c:/texlive/2019/texmf-dist/tex/generic/pgf/frontendlayer/tikz/libraries/tikzli
braryfadings.code.tex
File: tikzlibraryfadings.code.tex 2019/02/02 v3.1.1 (3.1.1)

(c:/texlive/2019/texmf-dist/tex/generic/pgf/libraries/pgflibraryfadings.code.te
x
File: pgflibraryfadings.code.tex 2019/02/02 v3.1.1 (3.1.1)
))) (c:/texlive/2019/texmf-dist/tex/latex/tools/calc.sty
Package: calc 2017/05/25 v4.3 Infix arithmetic (KKT,FJ)
\calc@Acount=\count139
\calc@Bcount=\count140
\calc@Adimen=\dimen165
\calc@Bdimen=\dimen166
\calc@Askip=\skip59
\calc@Bskip=\skip60
LaTeX Info: Redefining \setlength on input line 80.
LaTeX Info: Redefining \addtolength on input line 81.
\calc@Ccount=\count141
\calc@Cskip=\skip61
)
\c@@todonotes@numberoftodonotes=\count142
)
(c:/texlive/2019/texmf-dist/tex/latex/setspace/setspace.sty
Package: setspace 2011/12/19 v6.7a set line spacing
)
(c:/texlive/2019/texmf-dist/tex/latex/subfiles/subfiles.sty
Package: subfiles 2018/07/31 Federico Garcia, Gernot Salzer

(c:/texlive/2019/texmf-dist/tex/latex/tools/verbatim.sty
Package: verbatim 2014/10/28 v1.5q LaTeX2e package for verbatim enhancements
\every@verbatim=\toks42
\verbatim@line=\toks43
\verbatim@in@stream=\read2
))
(c:/texlive/2019/texmf-dist/tex/latex/booktabs/booktabs.sty
Package: booktabs 2016/04/27 v1.618033 publication quality tables
\heavyrulewidth=\dimen167
\lightrulewidth=\dimen168
\cmidrulewidth=\dimen169
\belowrulesep=\dimen170
\belowbottomsep=\dimen171
\aboverulesep=\dimen172
\abovetopsep=\dimen173
\cmidrulesep=\dimen174
\cmidrulekern=\dimen175
\defaultaddspace=\dimen176
\@cmidla=\count143
\@cmidlb=\count144
\@aboverulesep=\dimen177
\@belowrulesep=\dimen178
\@thisruleclass=\count145
\@lastruleclass=\count146
\@thisrulewidth=\dimen179
)
(c:/texlive/2019/texmf-dist/tex/latex/algorithm2e/algorithm2e.sty
Package: algorithm2e 2017/07/18 v5.2 algorithms environments
\c@AlgoLine=\count147
\algocf@hangindent=\skip62

(c:/texlive/2019/texmf-dist/tex/latex/ifoddpage/ifoddpage.sty
Package: ifoddpage 2016/04/23 v1.1 Conditionals for odd/even page detection
\c@checkoddpage=\count148
)
(c:/texlive/2019/texmf-dist/tex/latex/tools/xspace.sty
Package: xspace 2014/10/28 v1.13 Space after command names (DPC,MH)
)
(c:/texlive/2019/texmf-dist/tex/latex/relsize/relsize.sty
Package: relsize 2013/03/29 ver 4.1
)
\skiptotal=\skip63
\skiplinenumber=\skip64
\skiprule=\skip65
\skiphlne=\skip66
\skiptext=\skip67
\skiplength=\skip68
\algomargin=\skip69
\skipalgocfslide=\skip70
\algowidth=\dimen180
\inoutsize=\dimen181
\inoutindent=\dimen182
\interspacetitleruled=\dimen183
\interspacealgoruled=\dimen184
\interspacetitleboxruled=\dimen185
\algocf@ruledwidth=\skip71
\algocf@inoutbox=\box40
\algocf@inputbox=\box41
\AlCapSkip=\skip72
\AlCapHSkip=\skip73
\algoskipindent=\skip74
\algocf@nlbox=\box42
\algocf@hangingbox=\box43
\algocf@untilbox=\box44
\algocf@skipuntil=\skip75
\algocf@capbox=\box45
\algocf@lcaptionbox=\skip76
\algoheightruledefault=\skip77
\algoheightrule=\skip78
\algotitleheightruledefault=\skip79
\algotitleheightrule=\skip80
\c@algocfline=\count149
\c@algocfproc=\count150
\c@algocf=\count151
\algocf@algoframe=\box46
\algocf@algobox=\box47
)
(c:/texlive/2019/texmf-dist/tex/generic/pgf/frontendlayer/tikz/libraries/tikzli
braryshapes.geometric.code.tex
File: tikzlibraryshapes.geometric.code.tex 2019/02/02 v3.1.1 (3.1.1)

(c:/texlive/2019/texmf-dist/tex/generic/pgf/libraries/shapes/pgflibraryshapes.g
eometric.code.tex
File: pgflibraryshapes.geometric.code.tex 2019/02/02 v3.1.1 (3.1.1)
))
(c:/texlive/2019/texmf-dist/tex/generic/pgf/frontendlayer/tikz/libraries/tikzli
braryarrows.code.tex
File: tikzlibraryarrows.code.tex 2019/02/02 v3.1.1 (3.1.1)

(c:/texlive/2019/texmf-dist/tex/generic/pgf/libraries/pgflibraryarrows.code.tex
File: pgflibraryarrows.code.tex 2019/02/02 v3.1.1 (3.1.1)
\arrowsize=\dimen186
))
\c@tét=\count152
 (./main.aux (./cimoldalMediso.aux) (./toc.aux) (./feladat.aux)
(./irodalom.aux) (./borda.aux) (./csigolya.aux) (./eredmenyek.aux

LaTeX Warning: Label `fig:korrig_1_1' multiply defined.


LaTeX Warning: Label `fig:korrig_1_1' multiply defined.


LaTeX Warning: Label `fig:korrig_1_1' multiply defined.


LaTeX Warning: Label `fig:korrig_1_1' multiply defined.


LaTeX Warning: Label `fig:korrig_1_1' multiply defined.


LaTeX Warning: Label `fig:korrig_1_1' multiply defined.


LaTeX Warning: Label `fig:korrig_1_1' multiply defined.


LaTeX Warning: Label `fig:korrig_1_1' multiply defined.


LaTeX Warning: Label `fig:korrig_1_1' multiply defined.


LaTeX Warning: Label `fig:korrig_1_1' multiply defined.


LaTeX Warning: Label `fig:korrig_1_1' multiply defined.


LaTeX Warning: Label `fig:korrig_1_1' multiply defined.


LaTeX Warning: Label `fig:korrig_1_1' multiply defined.


LaTeX Warning: Label `fig:korrig_1_1' multiply defined.


LaTeX Warning: Label `fig:korrig_1_1' multiply defined.


LaTeX Warning: Label `fig:korrig_1_1' multiply defined.


LaTeX Warning: Label `fig:korrig_1_1' multiply defined.


LaTeX Warning: Label `fig:korrig_1_1' multiply defined.


LaTeX Warning: Label `fig:korrig_1_1' multiply defined.


LaTeX Warning: Label `fig:korrig_1_1' multiply defined.


LaTeX Warning: Label `fig:korrig_1_1' multiply defined.


LaTeX Warning: Label `fig:korrig_1_1' multiply defined.


LaTeX Warning: Label `fig:korrig_1_1' multiply defined.


LaTeX Warning: Label `fig:korrig_1_1' multiply defined.


LaTeX Warning: Label `fig:korrig_1_1' multiply defined.


LaTeX Warning: Label `fig:korrig_1_1' multiply defined.


LaTeX Warning: Label `fig:korrig_1_1' multiply defined.


LaTeX Warning: Label `fig:korrig_1_1' multiply defined.


LaTeX Warning: Label `fig:korrig_1_1' multiply defined.

) (./tovabb.aux) (./alg.aux) (./irodalomjegyz.aux))
\openout1 = `main.aux'.

LaTeX Font Info:    Checking defaults for OML/cmm/m/it on input line 105.
LaTeX Font Info:    ... okay on input line 105.
LaTeX Font Info:    Checking defaults for T1/cmr/m/n on input line 105.
LaTeX Font Info:    ... okay on input line 105.
LaTeX Font Info:    Checking defaults for OT1/cmr/m/n on input line 105.
LaTeX Font Info:    ... okay on input line 105.
LaTeX Font Info:    Checking defaults for OMS/cmsy/m/n on input line 105.
LaTeX Font Info:    ... okay on input line 105.
LaTeX Font Info:    Checking defaults for OMX/cmex/m/n on input line 105.
LaTeX Font Info:    ... okay on input line 105.
LaTeX Font Info:    Checking defaults for U/cmr/m/n on input line 105.
LaTeX Font Info:    ... okay on input line 105.
LaTeX Font Info:    Checking defaults for PD1/pdf/m/n on input line 105.
LaTeX Font Info:    ... okay on input line 105.
LaTeX Font Info:    Try loading font information for T1+ptm on input line 105.

(c:/texlive/2019/texmf-dist/tex/latex/psnfss/t1ptm.fd
File: t1ptm.fd 2001/06/04 font definitions for T1/ptm.
)
(c:/texlive/2019/texmf-dist/tex/context/base/mkii/supp-pdf.mkii
[Loading MPS to PDF converter (version 2006.09.02).]
\scratchcounter=\count153
\scratchdimen=\dimen187
\scratchbox=\box48
\nofMPsegments=\count154
\nofMParguments=\count155
\everyMPshowfont=\toks44
\MPscratchCnt=\count156
\MPscratchDim=\dimen188
\MPnumerator=\count157
\makeMPintoPDFobject=\count158
\everyMPtoPDFconversion=\toks45
) (c:/texlive/2019/texmf-dist/tex/latex/oberdiek/epstopdf-base.sty
Package: epstopdf-base 2016/05/15 v2.6 Base part for package epstopdf

(c:/texlive/2019/texmf-dist/tex/latex/oberdiek/grfext.sty
Package: grfext 2016/05/16 v1.2 Manage graphics extensions (HO)
)
Package epstopdf-base Info: Redefining graphics rule for `.eps' on input line 4
38.
Package grfext Info: Graphics extension search list:
(grfext)             [.pdf,.png,.jpg,.mps,.jpeg,.jbig2,.jb2,.PDF,.PNG,.JPG,.JPE
G,.JBIG2,.JB2,.eps]
(grfext)             \AppendGraphicsExtensions on input line 456.

(c:/texlive/2019/texmf-dist/tex/latex/latexconfig/epstopdf-sys.cfg
File: epstopdf-sys.cfg 2010/07/13 v1.3 Configuration of (r)epstopdf for TeX Liv
e
))
\AtBeginShipoutBox=\box49
Package hyperref Info: Link coloring OFF on input line 105.

(c:/texlive/2019/texmf-dist/tex/latex/hyperref/nameref.sty
Package: nameref 2016/05/21 v2.44 Cross-referencing by name of section

(c:/texlive/2019/texmf-dist/tex/generic/oberdiek/gettitlestring.sty
Package: gettitlestring 2016/05/16 v1.5 Cleanup title references (HO)
)
\c@section@level=\count159
)
LaTeX Info: Redefining \ref on input line 105.
LaTeX Info: Redefining \pageref on input line 105.
LaTeX Info: Redefining \nameref on input line 105.

(./main.out) (./main.out)
\@outlinefile=\write5
\openout5 = `main.out'.

 ABD: EveryShipout initializing macros

Package todonotes Warning: The length marginparwidth is less than 2cm and will 
most likely cause issues with the appearance of inserted todonotes. The issue c
an be solved by adding a line like \setlength {\marginparwidth }{2cm} prior to 
loading the todonotes package. on input line 105.

(c:/texlive/2019/texmf-dist/tex/latex/base/report.cls
LaTeX Info: Redefining \cal on input line 576.
LaTeX Info: Redefining \mit on input line 577.
)
\openout2 = `cimoldalMediso.aux'.

 (./cimoldalMediso.tex
LaTeX Font Info:    Font shape `T1/ptm/bx/n' in size <20.74> not available
(Font)              Font shape `T1/ptm/b/n' tried instead on input line 18.
LaTeX Font Info:    Font shape `T1/ptm/bx/n' in size <14.4> not available
(Font)              Font shape `T1/ptm/b/n' tried instead on input line 32.
)
[1
Non-PDF special ignored!
<special> header=psfrag.pro



{c:/texlive/2019/texmf-var/fonts/map/pdftex/updmap/pdftex.map}]
\openout2 = `toc.aux'.

 (./toc.tex
LaTeX Font Info:    Font shape `T1/ptm/bx/n' in size <24.88> not available
(Font)              Font shape `T1/ptm/b/n' tried instead on input line 4.

(./main.toc
LaTeX Font Info:    Try loading font information for U+msa on input line 1.
 (c:/texlive/2019/texmf-dist/tex/latex/amsfonts/umsa.fd
File: umsa.fd 2013/01/14 v3.01 AMS symbols A
)
LaTeX Font Info:    Try loading font information for U+msb on input line 1.

(c:/texlive/2019/texmf-dist/tex/latex/amsfonts/umsb.fd
File: umsb.fd 2013/01/14 v3.01 AMS symbols B
)
LaTeX Font Info:    Font shape `T1/ptm/bx/n' in size <12> not available
(Font)              Font shape `T1/ptm/b/n' tried instead on input line 2.
 [2



])
\tf@toc=\write6
\openout6 = `main.toc'.

) [3]
\openout2 = `feladat.aux'.


(./feladat.tex) [4



]
\openout2 = `irodalom.aux'.

 (./irodalom.tex
1. fejezet.
LaTeX Font Info:    Font shape `T1/ptm/bx/n' in size <17.28> not available
(Font)              Font shape `T1/ptm/b/n' tried instead on input line 9.

Package hyperref Warning: Token not allowed in a PDF string (PDFDocEncoding):
(hyperref)                removing `\@ifnextchar' on input line 10.

[5



]

Package hyperref Warning: Token not allowed in a PDF string (PDFDocEncoding):
(hyperref)                removing `\@ifnextchar' on input line 72.

[6] [7] [8]

Package hyperref Warning: Token not allowed in a PDF string (PDFDocEncoding):
(hyperref)                removing `\@ifnextchar' on input line 192.


Package hyperref Warning: Glyph not defined in PD1 encoding,
(hyperref)                removing `\H' on input line 192.

[9]) [10]
\openout2 = `borda.aux'.

 (./borda.tex
2. fejezet.
<./images/borda_fo_algoritmus.pdf, id=230, 355.3275pt x 355.3275pt>
File: ./images/borda_fo_algoritmus.pdf Graphic file (type pdf)
<use ./images/borda_fo_algoritmus.pdf>
Package pdftex.def Info: ./images/borda_fo_algoritmus.pdf  used on input line 9
.
(pdftex.def)             Requested size: 355.32661pt x 355.32661pt.

LaTeX Warning: `h' float specifier changed to `ht'.

<./images/otsu_hist.png, id=232, 298.11375pt x 143.03438pt>
File: ./images/otsu_hist.png Graphic file (type png)
<use ./images/otsu_hist.png>
Package pdftex.def Info: ./images/otsu_hist.png  used on input line 24.
(pdftex.def)             Requested size: 298.11302pt x 143.03401pt.

LaTeX Warning: `h' float specifier changed to `ht'.

[11



] [12 <./images/borda_fo_algoritmus.pdf

pdfTeX warning: pdflatex.exe (file ./images/borda_fo_algoritmus.pdf): PDF inclu
sion: invalid other resource which is no dict (key 'ProcSets', type <array>); i
gnored.
>] [13 <./images/otsu_hist.png>]
<./images/hough_kor.png, id=272, 738.50906pt x 390.70969pt>
File: ./images/hough_kor.png Graphic file (type png)
<use ./images/hough_kor.png>
Package pdftex.def Info: ./images/hough_kor.png  used on input line 87.
(pdftex.def)             Requested size: 213.39566pt x 112.8975pt.
 [14 <./images/hough_kor.png>]
<./images/gerinc_kinyeres.pdf, id=285, 327.14218pt x 277.035pt>
File: ./images/gerinc_kinyeres.pdf Graphic file (type pdf)
<use ./images/gerinc_kinyeres.pdf>
Package pdftex.def Info: ./images/gerinc_kinyeres.pdf  used on input line 133.
(pdftex.def)             Requested size: 327.14137pt x 277.03432pt.


LaTeX Warning: `h' float specifier changed to `ht'.

<./images/korrig_0_60.png, id=286, 207.02344pt x 283.81032pt>
File: ./images/korrig_0_60.png Graphic file (type png)
<use ./images/korrig_0_60.png>
Package pdftex.def Info: ./images/korrig_0_60.png  used on input line 141.
(pdftex.def)             Requested size: 128.0387pt x 175.53185pt.
<./images/korrig_1_60.png, id=287, 207.02344pt x 283.0575pt>
File: ./images/korrig_1_60.png Graphic file (type png)
<use ./images/korrig_1_60.png>
Package pdftex.def Info: ./images/korrig_1_60.png  used on input line 146.
(pdftex.def)             Requested size: 128.0387pt x 175.06622pt.
<./images/korrig_2_60.png, id=288, 207.02344pt x 283.0575pt>
File: ./images/korrig_2_60.png Graphic file (type png)
<use ./images/korrig_2_60.png>
Package pdftex.def Info: ./images/korrig_2_60.png  used on input line 151.
(pdftex.def)             Requested size: 128.0387pt x 175.06622pt.
<./images/korrig_0_59.png, id=289, 206.27063pt x 338.01282pt>
File: ./images/korrig_0_59.png Graphic file (type png)
<use ./images/korrig_0_59.png>
Package pdftex.def Info: ./images/korrig_0_59.png  used on input line 161.
(pdftex.def)             Requested size: 128.0387pt x 209.8185pt.
<./images/korrig_1_59.png, id=290, 207.02344pt x 336.50719pt>
File: ./images/korrig_1_59.png Graphic file (type png)
<use ./images/korrig_1_59.png>
Package pdftex.def Info: ./images/korrig_1_59.png  used on input line 166.
(pdftex.def)             Requested size: 128.0387pt x 208.12395pt.
<./images/korrig_2_59.png, id=291, 207.02344pt x 337.26pt>
File: ./images/korrig_2_59.png Graphic file (type png)
<use ./images/korrig_2_59.png>
Package pdftex.def Info: ./images/korrig_2_59.png  used on input line 171.
(pdftex.def)             Requested size: 128.0387pt x 208.58955pt.
<./images/korrig_0_58.png, id=292, 207.77625pt x 328.22626pt>
File: ./images/korrig_0_58.png Graphic file (type png)
<use ./images/korrig_0_58.png>
Package pdftex.def Info: ./images/korrig_0_58.png  used on input line 181.
(pdftex.def)             Requested size: 128.0387pt x 202.27113pt.
<./images/korrig_1_58.png, id=293, 208.52907pt x 328.97906pt>
File: ./images/korrig_1_58.png Graphic file (type png)
<use ./images/korrig_1_58.png>
Package pdftex.def Info: ./images/korrig_1_58.png  used on input line 186.
(pdftex.def)             Requested size: 128.0387pt x 202.00717pt.
<./images/korrig_2_58.png, id=294, 207.77625pt x 326.72063pt>
File: ./images/korrig_2_58.png Graphic file (type png)
<use ./images/korrig_2_58.png>
Package pdftex.def Info: ./images/korrig_2_58.png  used on input line 191.
(pdftex.def)             Requested size: 128.0387pt x 201.34328pt.
<./images/korrig_0_57.png, id=295, 209.28188pt x 306.39468pt>
File: ./images/korrig_0_57.png Graphic file (type png)
<use ./images/korrig_0_57.png>
Package pdftex.def Info: ./images/korrig_0_57.png  used on input line 201.
(pdftex.def)             Requested size: 128.0387pt x 187.45215pt.
<./images/korrig_1_57.png, id=296, 207.77625pt x 307.90031pt>
File: ./images/korrig_1_57.png Graphic file (type png)
<use ./images/korrig_1_57.png>
Package pdftex.def Info: ./images/korrig_1_57.png  used on input line 206.
(pdftex.def)             Requested size: 128.0387pt x 189.74516pt.
<./images/korrig_2_57.png, id=297, 207.02344pt x 304.88907pt>
File: ./images/korrig_2_57.png Graphic file (type png)
<use ./images/korrig_2_57.png>
Package pdftex.def Info: ./images/korrig_2_57.png  used on input line 211.
(pdftex.def)             Requested size: 128.0387pt x 188.5687pt.
<./images/korrig_0_56.png, id=298, 208.52907pt x 347.79938pt>
File: ./images/korrig_0_56.png Graphic file (type png)
<use ./images/korrig_0_56.png>
Package pdftex.def Info: ./images/korrig_0_56.png  used on input line 221.
(pdftex.def)             Requested size: 128.0387pt x 213.56366pt.
<./images/korrig_1_56.png, id=299, 209.28188pt x 347.79938pt>
File: ./images/korrig_1_56.png Graphic file (type png)
<use ./images/korrig_1_56.png>
Package pdftex.def Info: ./images/korrig_1_56.png  used on input line 226.
(pdftex.def)             Requested size: 128.0387pt x 212.78352pt.
<./images/korrig_2_56.png, id=300, 207.77625pt x 346.29375pt>
File: ./images/korrig_2_56.png Graphic file (type png)
<use ./images/korrig_2_56.png>
Package pdftex.def Info: ./images/korrig_2_56.png  used on input line 231.
(pdftex.def)             Requested size: 128.0387pt x 213.40532pt.
[15] [16 <./images/gerinc_kinyeres.pdf

pdfTeX warning: pdflatex.exe (file ./images/gerinc_kinyeres.pdf): PDF inclusion
: invalid other resource which is no dict (key 'ProcSets', type <array>); ignor
ed.
> <./images/korrig_0_60.png> <./images/korrig_1_60.png> <./images/korrig_2_60.p
ng>] [17 <./images/korrig_0_59.png> <./images/korrig_1_59.png> <./images/korrig
_2_59.png> <./images/korrig_0_58.png> <./images/korrig_1_58.png> <./images/korr
ig_2_58.png>] [18 <./images/korrig_0_57.png> <./images/korrig_1_57.png> <./imag
es/korrig_2_57.png> <./images/korrig_0_56.png> <./images/korrig_1_56.png> <./im
ages/korrig_2_56.png>]
<./images/hese_eig.png, id=360, 637.63219pt x 294.34969pt>
File: ./images/hese_eig.png Graphic file (type png)
<use ./images/hese_eig.png>
Package pdftex.def Info: ./images/hese_eig.png  used on input line 269.
(pdftex.def)             Requested size: 426.79134pt x 197.02013pt.


LaTeX Warning: `h' float specifier changed to `ht'.

[19]) [20 <./images/hese_eig.png>]
\openout2 = `csigolya.aux'.

 (./csigolya.tex
3. fejezet.
) [21



] [22]
\openout2 = `eredmenyek.aux'.

 (./eredmenyek.tex
4. fejezet.

Overfull \hbox (24.16075pt too wide) in paragraph at lines 18--24
[][] 
 []

[23



]

LaTeX Warning: No positions in optional float specifier.
               Default added (so using `tbp') on input line 40.


Overfull \hbox (3.08447pt too wide) in paragraph at lines 41--46
[][] 
 []

<./images/ver_hiba.png, id=388, 454.69875pt x 264.23718pt>
File: ./images/ver_hiba.png Graphic file (type png)
<use ./images/ver_hiba.png>
Package pdftex.def Info: ./images/ver_hiba.png  used on input line 51.
(pdftex.def)             Requested size: 426.79134pt x 248.02412pt.

Overfull \hbox (14.24112pt too wide) in paragraph at lines 56--56
[]\T1/ptm/b/n/17.28 Különböz® ese-tek rész-ered-mé-nye-i-nek szem-lél-te-té-se 
bor-
 []


Package hyperref Warning: Glyph not defined in PD1 encoding,
(hyperref)                removing `\H' on input line 56.

[24 <./images/ver_hiba.png>]
<./images/csont_1_7.png, id=395, 726.46407pt x 444.91219pt>
File: ./images/csont_1_7.png Graphic file (type png)
<use ./images/csont_1_7.png>
Package pdftex.def Info: ./images/csont_1_7.png  used on input line 74.
(pdftex.def)             Requested size: 298.75262pt x 182.97185pt.
<./images/gerinc_2_7.png, id=396, 726.46407pt x 446.41782pt>
File: ./images/gerinc_2_7.png Graphic file (type png)
<use ./images/gerinc_2_7.png>
Package pdftex.def Info: ./images/gerinc_2_7.png  used on input line 79.
(pdftex.def)             Requested size: 298.75262pt x 183.59105pt.


LaTeX Warning: `h' float specifier changed to `ht'.

<./images/szeg_3_7.png, id=397, 727.96968pt x 442.65375pt>
File: ./images/szeg_3_7.png Graphic file (type png)
<use ./images/szeg_3_7.png>
Package pdftex.def Info: ./images/szeg_3_7.png  used on input line 84.
(pdftex.def)             Requested size: 298.75262pt x 181.66481pt.

LaTeX Warning: `h' float specifier changed to `ht'.

<./images/csont_1_11.png, id=398, 727.96968pt x 446.41782pt>
File: ./images/csont_1_11.png Graphic file (type png)
<use ./images/csont_1_11.png>
Package pdftex.def Info: ./images/csont_1_11.png  used on input line 92.
(pdftex.def)             Requested size: 298.75262pt x 183.2096pt.

LaTeX Warning: `h' float specifier changed to `ht'.

<./images/gerinc_2_11.png, id=399, 725.71124pt x 443.40656pt>
File: ./images/gerinc_2_11.png Graphic file (type png)
<use ./images/gerinc_2_11.png>
Package pdftex.def Info: ./images/gerinc_2_11.png  used on input line 97.
(pdftex.def)             Requested size: 298.75262pt x 182.5421pt.

LaTeX Warning: `h' float specifier changed to `ht'.

<./images/szeg_3_11.png, id=400, 729.47531pt x 446.41782pt>
File: ./images/szeg_3_11.png Graphic file (type png)
<use ./images/szeg_3_11.png>
Package pdftex.def Info: ./images/szeg_3_11.png  used on input line 102.
(pdftex.def)             Requested size: 298.75262pt x 182.82813pt.

LaTeX Warning: `h' float specifier changed to `ht'.

<./images/csont_1_15.png, id=401, 725.71124pt x 443.40656pt>
File: ./images/csont_1_15.png Graphic file (type png)
<use ./images/csont_1_15.png>
Package pdftex.def Info: ./images/csont_1_15.png  used on input line 109.
(pdftex.def)             Requested size: 298.75262pt x 182.5421pt.

LaTeX Warning: `h' float specifier changed to `ht'.

<./images/gerinc_2_15.png, id=402, 727.21687pt x 444.91219pt>
File: ./images/gerinc_2_15.png Graphic file (type png)
<use ./images/gerinc_2_15.png>
Package pdftex.def Info: ./images/gerinc_2_15.png  used on input line 114.
(pdftex.def)             Requested size: 298.75262pt x 182.78177pt.

LaTeX Warning: `h' float specifier changed to `ht'.

<./images/szeg_3_15.png, id=403, 727.21687pt x 441.90094pt>
File: ./images/szeg_3_15.png Graphic file (type png)
<use ./images/szeg_3_15.png>
Package pdftex.def Info: ./images/szeg_3_15.png  used on input line 119.
(pdftex.def)             Requested size: 298.75262pt x 181.54466pt.

LaTeX Warning: `h' float specifier changed to `ht'.

<./images/csont_1_22.png, id=404, 743.77875pt x 442.65375pt>
File: ./images/csont_1_22.png Graphic file (type png)
<use ./images/csont_1_22.png>
Package pdftex.def Info: ./images/csont_1_22.png  used on input line 126.
(pdftex.def)             Requested size: 298.75262pt x 177.80133pt.

LaTeX Warning: `h' float specifier changed to `ht'.

<./images/gerinc_2_22.png, id=405, 743.02594pt x 442.65375pt>
File: ./images/gerinc_2_22.png Graphic file (type png)
<use ./images/gerinc_2_22.png>
Package pdftex.def Info: ./images/gerinc_2_22.png  used on input line 131.
(pdftex.def)             Requested size: 298.75262pt x 177.98369pt.

LaTeX Warning: `h' float specifier changed to `ht'.

<./images/szeg_3_22.png, id=406, 744.53156pt x 444.91219pt>
File: ./images/szeg_3_22.png Graphic file (type png)
<use ./images/szeg_3_22.png>
Package pdftex.def Info: ./images/szeg_3_22.png  used on input line 136.
(pdftex.def)             Requested size: 298.75262pt x 178.53197pt.

LaTeX Warning: `h' float specifier changed to `ht'.

<./images/csont_1_26.png, id=407, 745.28438pt x 445.665pt>
File: ./images/csont_1_26.png Graphic file (type png)
<use ./images/csont_1_26.png>
Package pdftex.def Info: ./images/csont_1_26.png  used on input line 143.
(pdftex.def)             Requested size: 298.75262pt x 178.64365pt.

LaTeX Warning: `h' float specifier changed to `ht'.

<./images/gerinc_2_26.png, id=408, 744.53156pt x 443.40656pt>
File: ./images/gerinc_2_26.png Graphic file (type png)
<use ./images/gerinc_2_26.png>
Package pdftex.def Info: ./images/gerinc_2_26.png  used on input line 148.
(pdftex.def)             Requested size: 298.75262pt x 177.92781pt.

LaTeX Warning: `h' float specifier changed to `ht'.

<./images/szeg_3_26.png, id=409, 743.77875pt x 444.91219pt>
File: ./images/szeg_3_26.png Graphic file (type png)
<use ./images/szeg_3_26.png>
Package pdftex.def Info: ./images/szeg_3_26.png  used on input line 153.
(pdftex.def)             Requested size: 298.75262pt x 178.70848pt.

LaTeX Warning: `h' float specifier changed to `ht'.

<./images/csont_1_29.png, id=410, 741.52031pt x 442.65375pt>
File: ./images/csont_1_29.png Graphic file (type png)
<use ./images/csont_1_29.png>
Package pdftex.def Info: ./images/csont_1_29.png  used on input line 160.
(pdftex.def)             Requested size: 298.75262pt x 178.34167pt.

LaTeX Warning: `h' float specifier changed to `ht'.

<./images/gerinc_2_29.png, id=411, 743.02594pt x 442.65375pt>
File: ./images/gerinc_2_29.png Graphic file (type png)
<use ./images/gerinc_2_29.png>
Package pdftex.def Info: ./images/gerinc_2_29.png  used on input line 165.
(pdftex.def)             Requested size: 298.75262pt x 177.98369pt.

LaTeX Warning: `h' float specifier changed to `ht'.

<./images/szeg_3_29.png, id=412, 744.53156pt x 444.15938pt>
File: ./images/szeg_3_29.png Graphic file (type png)
<use ./images/szeg_3_29.png>
Package pdftex.def Info: ./images/szeg_3_29.png  used on input line 170.
(pdftex.def)             Requested size: 298.75262pt x 178.22989pt.

LaTeX Warning: `h' float specifier changed to `ht'.

<./images/csont_1_30.png, id=413, 742.27313pt x 442.65375pt>
File: ./images/csont_1_30.png Graphic file (type png)
<use ./images/csont_1_30.png>
Package pdftex.def Info: ./images/csont_1_30.png  used on input line 177.
(pdftex.def)             Requested size: 298.75262pt x 178.1593pt.

LaTeX Warning: `h' float specifier changed to `ht'.

<./images/gerinc_2_30.png, id=414, 743.77875pt x 442.65375pt>
File: ./images/gerinc_2_30.png Graphic file (type png)
<use ./images/gerinc_2_30.png>
Package pdftex.def Info: ./images/gerinc_2_30.png  used on input line 182.
(pdftex.def)             Requested size: 298.75262pt x 177.80133pt.

LaTeX Warning: `h' float specifier changed to `ht'.

<./images/szeg_3_30.png, id=415, 743.02594pt x 443.40656pt>
File: ./images/szeg_3_30.png Graphic file (type png)
<use ./images/szeg_3_30.png>
Package pdftex.def Info: ./images/szeg_3_30.png  used on input line 187.
(pdftex.def)             Requested size: 298.75262pt x 178.28639pt.

LaTeX Warning: `h' float specifier changed to `ht'.

<./images/csont_1_39.png, id=416, 744.53156pt x 444.91219pt>
File: ./images/csont_1_39.png Graphic file (type png)
<use ./images/csont_1_39.png>
Package pdftex.def Info: ./images/csont_1_39.png  used on input line 194.
(pdftex.def)             Requested size: 298.75262pt x 178.53197pt.

LaTeX Warning: `h' float specifier changed to `ht'.

<./images/gerinc_2_39.png, id=417, 746.03719pt x 444.91219pt>
File: ./images/gerinc_2_39.png Graphic file (type png)
<use ./images/gerinc_2_39.png>
Package pdftex.def Info: ./images/gerinc_2_39.png  used on input line 199.
(pdftex.def)             Requested size: 298.75262pt x 178.16537pt.

LaTeX Warning: `h' float specifier changed to `ht'.

<./images/szeg_3_39.png, id=418, 743.77875pt x 444.15938pt>
File: ./images/szeg_3_39.png Graphic file (type png)
<use ./images/szeg_3_39.png>
Package pdftex.def Info: ./images/szeg_3_39.png  used on input line 204.
(pdftex.def)             Requested size: 298.75262pt x 178.4061pt.

LaTeX Warning: `h' float specifier changed to `ht'.

<./images/csont_1_42.png, id=419, 744.53156pt x 440.39531pt>
File: ./images/csont_1_42.png Graphic file (type png)
<use ./images/csont_1_42.png>
Package pdftex.def Info: ./images/csont_1_42.png  used on input line 211.
(pdftex.def)             Requested size: 298.75262pt x 176.71947pt.

LaTeX Warning: `h' float specifier changed to `ht'.

<./images/gerinc_2_42.png, id=420, 745.28438pt x 447.92343pt>
File: ./images/gerinc_2_42.png Graphic file (type png)
<use ./images/gerinc_2_42.png>
Package pdftex.def Info: ./images/gerinc_2_42.png  used on input line 216.
(pdftex.def)             Requested size: 298.75262pt x 179.54893pt.

LaTeX Warning: `h' float specifier changed to `ht'.

<./images/szeg_3_42.png, id=421, 745.28438pt x 442.65375pt>
File: ./images/szeg_3_42.png Graphic file (type png)
<use ./images/szeg_3_42.png>
Package pdftex.def Info: ./images/szeg_3_42.png  used on input line 221.
(pdftex.def)             Requested size: 298.75262pt x 177.4366pt.

LaTeX Warning: `h' float specifier changed to `ht'.

<./images/csont_1_46.png, id=422, 743.77875pt x 443.40656pt>
File: ./images/csont_1_46.png Graphic file (type png)
<use ./images/csont_1_46.png>
Package pdftex.def Info: ./images/csont_1_46.png  used on input line 228.
(pdftex.def)             Requested size: 298.75262pt x 178.10371pt.

LaTeX Warning: `h' float specifier changed to `ht'.

<./images/gerinc_2_46.png, id=423, 744.53156pt x 443.40656pt>
File: ./images/gerinc_2_46.png Graphic file (type png)
<use ./images/gerinc_2_46.png>
Package pdftex.def Info: ./images/gerinc_2_46.png  used on input line 233.
(pdftex.def)             Requested size: 298.75262pt x 177.92781pt.

LaTeX Warning: `h' float specifier changed to `ht'.

<./images/szeg_3_46.png, id=424, 743.02594pt x 441.90094pt>
File: ./images/szeg_3_46.png Graphic file (type png)
<use ./images/szeg_3_46.png>
Package pdftex.def Info: ./images/szeg_3_46.png  used on input line 238.
(pdftex.def)             Requested size: 298.75262pt x 177.68102pt.

LaTeX Warning: `h' float specifier changed to `ht'.


Overfull \hbox (8.15831pt too wide) in paragraph at lines 245--245
[]\T1/ptm/b/n/17.28 Különböz® ese-tek rész-ered-mé-nye-i-nek szem-lél-te-té-se 
csi-
 []


Package hyperref Warning: Glyph not defined in PD1 encoding,
(hyperref)                removing `\H' on input line 245.

[25 <./images/csont_1_7.png>]
<./images/hatar_09.png, id=444, 249.93375pt x 355.3275pt>
File: ./images/hatar_09.png Graphic file (type png)
<use ./images/hatar_09.png>
Package pdftex.def Info: ./images/hatar_09.png  used on input line 253.
(pdftex.def)             Requested size: 298.75262pt x 424.77513pt.


LaTeX Warning: `h' float specifier changed to `ht'.

<./images/hatar_12.png, id=445, 237.88875pt x 362.85562pt>
File: ./images/hatar_12.png Graphic file (type png)
<use ./images/hatar_12.png>
Package pdftex.def Info: ./images/hatar_12.png  used on input line 259.
(pdftex.def)             Requested size: 298.75262pt x 455.71666pt.

LaTeX Warning: `h' float specifier changed to `ht'.

<./images/hatar_13.png, id=446, 253.69781pt x 381.67593pt>
File: ./images/hatar_13.png Graphic file (type png)
<use ./images/hatar_13.png>
Package pdftex.def Info: ./images/hatar_13.png  used on input line 265.
(pdftex.def)             Requested size: 298.75262pt x 449.471pt.

LaTeX Warning: `h' float specifier changed to `ht'.

<./images/hatar_14.png, id=447, 252.945pt x 388.45125pt>
File: ./images/hatar_14.png Graphic file (type png)
<use ./images/hatar_14.png>
Package pdftex.def Info: ./images/hatar_14.png  used on input line 271.
(pdftex.def)             Requested size: 298.75262pt x 458.8071pt.

LaTeX Warning: `h' float specifier changed to `ht'.

<./images/hatar_39.png, id=448, 275.52937pt x 373.395pt>
File: ./images/hatar_39.png Graphic file (type png)
<use ./images/hatar_39.png>
Package pdftex.def Info: ./images/hatar_39.png  used on input line 277.
(pdftex.def)             Requested size: 298.75262pt x 404.90718pt.

LaTeX Warning: `h' float specifier changed to `ht'.

<./images/hatar_46.png, id=449, 311.66437pt x 381.67593pt>
File: ./images/hatar_46.png Graphic file (type png)
<use ./images/hatar_46.png>
Package pdftex.def Info: ./images/hatar_46.png  used on input line 283.
(pdftex.def)             Requested size: 298.75262pt x 365.86894pt.

LaTeX Warning: `h' float specifier changed to `ht'.

) [26 <./images/gerinc_2_7.png> <./images/szeg_3_7.png>] [27 <./images/csont_1_
11.png> <./images/gerinc_2_11.png> <./images/szeg_3_11.png>] [28 <./images/cson
t_1_15.png> <./images/gerinc_2_15.png> <./images/szeg_3_15.png>] [29 <./images/
csont_1_22.png> <./images/gerinc_2_22.png> <./images/szeg_3_22.png>] [30 <./ima
ges/csont_1_26.png> <./images/gerinc_2_26.png> <./images/szeg_3_26.png>]
[31 <./images/csont_1_29.png> <./images/gerinc_2_29.png> <./images/szeg_3_29.pn
g>] [32 <./images/csont_1_30.png> <./images/gerinc_2_30.png> <./images/szeg_3_3
0.png>] [33 <./images/csont_1_39.png> <./images/gerinc_2_39.png> <./images/szeg
_3_39.png>] [34 <./images/csont_1_42.png> <./images/gerinc_2_42.png> <./images/
szeg_3_42.png>] [35 <./images/csont_1_46.png> <./images/gerinc_2_46.png> <./ima
ges/szeg_3_46.png>] [36 <./images/hatar_09.png>] [37 <./images/hatar_12.png>]
[38 <./images/hatar_13.png>] [39 <./images/hatar_14.png>] [40 <./images/hatar_3
9.png>] [41 <./images/hatar_46.png>]
\openout2 = `tovabb.aux'.

 (./tovabb.tex
5. fejezet.
) [42



]
\openout2 = `alg.aux'.

 (./alg.tex
LaTeX Font Info:    Try loading font information for T1+phv on input line 30.
 (c:/texlive/2019/texmf-dist/tex/latex/psnfss/t1phv.fd
File: t1phv.fd 2001/06/04 scalable font definitions for T1/phv.
)
LaTeX Font Info:    Try loading font information for T1+pcr on input line 34.

(c:/texlive/2019/texmf-dist/tex/latex/psnfss/t1pcr.fd
File: t1pcr.fd 2001/06/04 font definitions for T1/pcr.
)) [43



] [44]
\openout2 = `irodalomjegyz.aux'.


(./irodalomjegyz.tex) [45



]
Package atveryend Info: Empty hook `BeforeClearDocument' on input line 163.
Package atveryend Info: Empty hook `AfterLastShipout' on input line 163.
 (./main.aux (./cimoldalMediso.aux) (./toc.aux)
(./feladat.aux) (./irodalom.aux) (./borda.aux) (./csigolya.aux)
(./eredmenyek.aux) (./tovabb.aux) (./alg.aux) (./irodalomjegyz.aux))
Package atveryend Info: Executing hook `AtVeryEndDocument' on input line 163.
Package atveryend Info: Executing hook `AtEndAfterFileList' on input line 163.
Package rerunfilecheck Info: File `main.out' has not changed.
(rerunfilecheck)             Checksum: BEC9BDB51683CFA0885103B9BF3A7A05;2390.


LaTeX Warning: There were multiply-defined labels.

Package atveryend Info: Empty hook `AtVeryVeryEnd' on input line 163.
 ) 
Here is how much of TeX's memory you used:
 21357 strings out of 492623
 400377 string characters out of 6133290
 501766 words of memory out of 5000000
 24590 multiletter control sequences out of 15000+600000
 52129 words of font info for 64 fonts, out of 8000000 for 9000
 1141 hyphenation exceptions out of 8191
 62i,19n,81p,414b,588s stack positions out of 5000i,500n,10000p,200000b,80000s
{c:/texlive/2019/texmf-dist/fonts/enc/dvips/base/8r.enc}<c:/texlive/2019/texm
f-dist/fonts/type1/public/amsfonts/cm/cmmi12.pfb><c:/texlive/2019/texmf-dist/fo
nts/type1/public/amsfonts/cm/cmmi8.pfb><c:/texlive/2019/texmf-dist/fonts/type1/
public/amsfonts/cm/cmr12.pfb><c:/texlive/2019/texmf-dist/fonts/type1/public/ams
fonts/cm/cmr8.pfb><c:/texlive/2019/texmf-dist/fonts/type1/public/amsfonts/cm/cm
sy10.pfb><c:/texlive/2019/texmf-dist/fonts/type1/urw/courier/ucrr8a.pfb><c:/tex
live/2019/texmf-dist/fonts/type1/urw/helvetic/uhvr8a.pfb><c:/texlive/2019/texmf
-dist/fonts/type1/urw/times/utmb8a.pfb><c:/texlive/2019/texmf-dist/fonts/type1/
urw/times/utmr8a.pfb><c:/texlive/2019/texmf-dist/fonts/type1/urw/times/utmri8a.
pfb>
Output written on main.pdf (45 pages, 4300673 bytes).
PDF statistics:
 676 PDF objects out of 1000 (max. 8388607)
 485 compressed objects within 5 object streams
 147 named destinations out of 1000 (max. 500000)
 618 words of extra memory for PDF output out of 10000 (max. 10000000)

