\BOOKMARK [1][-]{chapter*.1}{Feladatki\355r\341s}{}% 1
\BOOKMARK [1][-]{chapter*.2}{Tartalmi \366sszefoglal\363}{}% 2
\BOOKMARK [1][-]{chapter*.4}{Motiv\341ci\363}{}% 3
\BOOKMARK [0][-]{chapter.1}{Sz\341m\355t\363g\351pes tomogr\341fia}{}% 4
\BOOKMARK [1][-]{section.1.1}{A CT fel\351p\355t\351se}{chapter.1}% 5
\BOOKMARK [1][-]{section.1.2}{Rekonstrukci\363}{chapter.1}% 6
\BOOKMARK [1][-]{section.1.3}{Orvosi k\351pek jellemzoi}{chapter.1}% 7
\BOOKMARK [0][-]{chapter.2}{Gerinc \351s borda az emberi testben}{}% 8
\BOOKMARK [0][-]{chapter.3}{Irodalom \341ttekint\351s}{}% 9
\BOOKMARK [1][-]{section.3.1}{Borda c\355mk\351z\351s}{chapter.3}% 10
\BOOKMARK [2][-]{subsection.3.1.1}{Bord\341k szegment\341l\341sa alacsony d\363zis\372 CT felv\351teleken SegmOfRibs}{section.3.1}% 11
\BOOKMARK [2][-]{subsection.3.1.2}{Bord\341k szegment\341l\341sa CT k\351peken, cikk\366sszefoglal\363 Rew}{section.3.1}% 12
\BOOKMARK [1][-]{section.3.2}{Csigolya c\355mk\351z\351s}{chapter.3}% 13
\BOOKMARK [2][-]{subsection.3.2.1}{M\351rf\366ldko a CT csigolyaszegment\341l\341sban milstone}{section.3.2}% 14
\BOOKMARK [0][-]{chapter.4}{Felhaszn\341lt technol\363gi\341k}{}% 15
\BOOKMARK [1][-]{section.4.1}{C++}{chapter.4}% 16
\BOOKMARK [1][-]{section.4.2}{Visual Studio 2017}{chapter.4}% 17
\BOOKMARK [1][-]{section.4.3}{CMake}{chapter.4}% 18
\BOOKMARK [1][-]{section.4.4}{Insight Toolkit itk}{chapter.4}% 19
\BOOKMARK [1][-]{section.4.5}{Git}{chapter.4}% 20
\BOOKMARK [0][-]{chapter.5}{A bord\341k c\355mk\351z\351se}{}% 21
\BOOKMARK [1][-]{section.5.1}{A csont szegment\341l\341sa}{chapter.5}% 22
\BOOKMARK [2][-]{subsection.5.1.1}{Az Otsu szegment\341l\341s}{section.5.1}% 23
\BOOKMARK [2][-]{subsection.5.1.2}{A csont szegment\341l\341sa CT k\351peken}{section.5.1}% 24
\BOOKMARK [1][-]{section.5.2}{A gerinc kijel\366l\351se}{chapter.5}% 25
\BOOKMARK [2][-]{subsection.5.2.1}{A Hough transzform\341ci\363}{section.5.2}% 26
\BOOKMARK [2][-]{subsection.5.2.2}{A k\366r\366k keres\351se axi\341lis szeleteken}{section.5.2}% 27
\BOOKMARK [2][-]{subsection.5.2.3}{A k\366r\366k helyzet\351nek korrig\341l\341sa}{section.5.2}% 28
\BOOKMARK [2][-]{subsection.5.2.4}{A k\366r\366k helyzet\351nek m\341sodik korrig\341l\341sa}{section.5.2}% 29
\BOOKMARK [1][-]{section.5.3}{A magpontok meghat\341roz\341sa}{chapter.5}% 30
\BOOKMARK [1][-]{section.5.4}{Nem bordaalak\372 objektumok elt\341vol\355t\341sa}{chapter.5}% 31
\BOOKMARK [1][-]{section.5.5}{A bord\341k c\355mk\351z\351se \372jran\366veszt\351ssel}{chapter.5}% 32
\BOOKMARK [1][-]{section.5.6}{A bord\341k c\355mk\351z\351se bounding boxszal}{chapter.5}% 33
\BOOKMARK [0][-]{chapter.6}{A csigoly\341k elv\341laszt\341sa}{}% 34
\BOOKMARK [1][-]{section.6.1}{A csigoly\341k k\366z\366tti r\351sek berajzol\341sa bord\341k alapj\341n}{chapter.6}% 35
\BOOKMARK [0][-]{chapter.7}{Eredm\351nyek}{}% 36
\BOOKMARK [1][-]{section.7.1}{Bordac\355mk\351z\351s}{chapter.7}% 37
\BOOKMARK [1][-]{section.7.2}{A csigoly\341k sz\351tv\341laszt\341sa bord\341k alapj\341n}{chapter.7}% 38
\BOOKMARK [1][-]{section.7.3}{K\374l\366nb\366zo esetek r\351szeredm\351nyeinek szeml\351ltet\351se bord\341kra}{chapter.7}% 39
\BOOKMARK [1][-]{section.7.4}{K\374l\366nb\366zo esetek r\351szeredm\351nyeinek szeml\351ltet\351se csigoly\341kra}{chapter.7}% 40
\BOOKMARK [0][-]{chapter.8}{\326sszefoglal\341s}{}% 41
\BOOKMARK [1][-]{chapter*.31}{Nyilatkozat}{chapter.8}% 42
\BOOKMARK [1][-]{chapter*.32}{K\366sz\366netnyilv\341n\355t\341s}{chapter.8}% 43
